<?xml version="1.0" encoding="utf-8" standalone="no"?>
<!--This file represents the results of running a test suite-->
<test-results name="D:\dev\bravo-reporting.git\Bravo.Reporting.Test.nunit" total="13" errors="1" failures="0" not-run="0" inconclusive="0" ignored="0" skipped="0" invalid="0" date="2010-12-13" time="14:52:41">
  <environment nunit-version="2.5.3.9345" clr-version="2.0.50727.3053" os-version="Microsoft Windows NT 5.1.2600 Service Pack 3" platform="Win32NT" cwd="D:\dev\bravo-reporting.git" machine-name="VOYAGER2" user="Administrator" user-domain="VOYAGER2" />
  <culture-info current-culture="zh-CN" current-uiculture="zh-CN" />
  <test-suite name="D:\dev\bravo-reporting.git\Bravo.Reporting.Test.nunit" executed="True" success="False" time="3.672" asserts="0">
    <results>
      <test-suite name="D:\dev\bravo-reporting.git\Bravo.Reporting.Test\bin\Debug\Bravo.Reporting.Test.dll" executed="True" success="False" time="3.656" asserts="0">
        <results>
          <test-suite name="Bravo" executed="True" success="False" time="3.641" asserts="0">
            <results>
              <test-suite name="Reporting" executed="True" success="False" time="3.641" asserts="0">
                <results>
                  <test-suite name="OfficeXml" executed="True" success="False" time="1.750" asserts="0">
                    <results>
                      <test-suite name="Test" executed="True" success="False" time="1.750" asserts="0">
                        <results>
                          <test-suite name="ExcelMLTemplateTest" description="Excel 2003 XML 格式模板的测试" executed="True" success="True" time="1.375" asserts="0">
                            <results>
                              <test-case name="Bravo.Reporting.OfficeXml.Test.ExcelMLTemplateTest.TestComplexTemplate" description="测试 Excel 2003 Xml 复杂模板的编译渲染" executed="True" success="True" time="1.281" asserts="2" />
                              <test-case name="Bravo.Reporting.OfficeXml.Test.ExcelMLTemplateTest.TestSimpleColumnLoop" description="测试 Excel 2003 Xml 的简单列循环" executed="True" success="True" time="0.016" asserts="4" />
                              <test-case name="Bravo.Reporting.OfficeXml.Test.ExcelMLTemplateTest.TestSimpleRowLoop" description="测试 Excel 2003 XML 的简单行循环" executed="True" success="True" time="0.016" asserts="3" />
                            </results>
                          </test-suite>
                          <test-suite name="WordMLTemplateTest" description="Word 2003 XML 格式模板的测试" executed="True" success="False" time="0.375" asserts="0">
                            <results>
                              <test-case name="Bravo.Reporting.OfficeXml.Test.WordMLTemplateTest.TestEscapeUrl" description="测试 Word 2003 Xml 的 RTL:// 链接 URL 转义" executed="True" success="False" time="0.063" asserts="0">
                                <failure>
                                  <message><![CDATA[System.NotImplementedException : 未实现该方法或操作。]]></message>
                                  <stack-trace><![CDATA[在 Bravo.Reporting.OfficeXml.WordMLDocument.ProcessPlaceHolders(XmlDocument xml) 位置 D:\dev\bravo-reporting.git\Bravo.Reporting\OfficeXml\WordMLDocument.cs:行号 77
在 Bravo.Reporting.OfficeXml.WordMLDocument.Compile() 位置 D:\dev\bravo-reporting.git\Bravo.Reporting\OfficeXml\WordMLDocument.cs:行号 33
在 Bravo.Reporting.Test.TemplateTestHelper.RenderTemplate[T](String tmpPath, IDictionary`2 context) 位置 D:\dev\bravo-reporting.git\Bravo.Reporting.Test\TemplateTestHelper.cs:行号 29
在 Bravo.Reporting.OfficeXml.Test.WordMLTemplateTest.TestEscapeUrl() 位置 D:\dev\bravo-reporting.git\Bravo.Reporting.Test\Office2003Xml\WordMLTemplateTest.cs:行号 48
]]></stack-trace>
                                </failure>
                              </test-case>
                              <test-case name="Bravo.Reporting.OfficeXml.Test.WordMLTemplateTest.TestReferenceReplacement" description="测试 Word 2003 Xml 的简单引用替换" executed="True" success="True" time="0.109" asserts="3" />
                            </results>
                          </test-suite>
                        </results>
                      </test-suite>
                    </results>
                  </test-suite>
                  <test-suite name="OpenDocument" executed="True" success="True" time="1.859" asserts="0">
                    <results>
                      <test-suite name="Test" executed="True" success="True" time="1.859" asserts="0">
                        <results>
                          <test-suite name="OdsTemplateTest" executed="True" success="True" time="0.938" asserts="0">
                            <results>
                              <test-case name="Bravo.Reporting.OpenDocument.Test.OdsTemplateTest.TestColumnLoop" description="测试表格列进行循环填充" executed="True" success="True" time="0.906" asserts="4" />
                            </results>
                          </test-suite>
                          <test-suite name="OdtTemplateTest" description="ODT 格式模板的测试" executed="True" success="True" time="0.922" asserts="0">
                            <results>
                              <test-case name="Bravo.Reporting.OpenDocument.Test.OdtTemplateTest.TestEscape" description="测试对内容进行转义处理" executed="True" success="True" time="0.141" asserts="3" />
                              <test-case name="Bravo.Reporting.OpenDocument.Test.OdtTemplateTest.TestIdsReplacement" description="测试简单的变量替换" executed="True" success="True" time="0.125" asserts="3" />
                              <test-case name="Bravo.Reporting.OpenDocument.Test.OdtTemplateTest.TestImage" description="测试图像标记替换" executed="True" success="True" time="0.344" asserts="2" />
                              <test-case name="Bravo.Reporting.OpenDocument.Test.OdtTemplateTest.TestRowLoop" description="测试表格行进行循环填充" executed="True" success="True" time="0.109" asserts="4" />
                              <test-case name="Bravo.Reporting.OpenDocument.Test.OdtTemplateTest.TestStatements" description="测试模板中的 VTL 语句" executed="True" success="True" time="0.203" asserts="5" />
                            </results>
                          </test-suite>
                        </results>
                      </test-suite>
                    </results>
                  </test-suite>
                  <test-suite name="Test" executed="True" success="True" time="0.016" asserts="0">
                    <results>
                      <test-suite name="ImageTest" description="内嵌图片的支持" executed="True" success="True" time="0.016" asserts="0">
                        <results>
                          <test-case name="Bravo.Reporting.Test.ImageTest.TestConstructor" executed="True" success="True" time="0.000" asserts="2" />
                          <test-case name="Bravo.Reporting.Test.ImageTest.TestImageEquals" description="测试 Image 类的相等性比较" executed="True" success="True" time="0.000" asserts="5" />
                        </results>
                      </test-suite>
                    </results>
                  </test-suite>
                </results>
              </test-suite>
            </results>
          </test-suite>
        </results>
      </test-suite>
    </results>
  </test-suite>
</test-results>